<?xml version="1.0" encoding="UTF-8"?>
<!-- Generated by org.testng.reporters.JUnitReportReporter -->
<testsuite hostname="DESKTOP-6JOMMLI" failures="0" tests="1" name="com.ecommerce.dawnTheme.plpTest" time="6.094" errors="0" timestamp="2024-05-14T19:18:25 IST" skipped="0">
  <testcase classname="com.ecommerce.dawnTheme.plpTest" name="sortbyFunctionality" time="6.094"/>
  <system-out/>
</testsuite> <!-- com.ecommerce.dawnTheme.plpTest -->
